{"/Users/gersonfilho/Desktop/repository-used/gerson-aguiar/nodejs/index.js": {"path":"/Users/gersonfilho/Desktop/repository-used/gerson-aguiar/nodejs/index.js","statementMap":{"0":{"start":{"line":2,"column":0},"end":{"line":2,"column":null}},"1":{"start":{"line":53,"column":16},"end":{"line":53,"column":35}},"2":{"start":{"line":55,"column":14},"end":{"line":63,"column":1}},"3":{"start":{"line":56,"column":4},"end":{"line":62,"column":null}},"4":{"start":{"line":57,"column":8},"end":{"line":57,"column":null}},"5":{"start":{"line":58,"column":8},"end":{"line":58,"column":null}},"6":{"start":{"line":60,"column":8},"end":{"line":60,"column":null}},"7":{"start":{"line":61,"column":8},"end":{"line":61,"column":null}},"8":{"start":{"line":65,"column":0},"end":{"line":65,"column":null}}},"fnMap":{"0":{"name":"(anonymous_0)","decl":{"start":{"line":55,"column":14},"end":{"line":55,"column":19}},"loc":{"start":{"line":55,"column":26},"end":{"line":63,"column":1}}}},"branchMap":{"0":{"loc":{"start":{"line":57,"column":37},"end":{"line":57,"column":61}},"type":"binary-expr","locations":[{"start":{"line":57,"column":37},"end":{"line":57,"column":53}},{"start":{"line":57,"column":57},"end":{"line":57,"column":61}}]}},"s":{"0":0,"1":0,"2":0,"3":0,"4":0,"5":0,"6":0,"7":0,"8":0},"f":{"0":0},"b":{"0":[0,0]}}
,"/Users/gersonfilho/Desktop/repository-used/gerson-aguiar/nodejs/newrelic.js": {"path":"/Users/gersonfilho/Desktop/repository-used/gerson-aguiar/nodejs/newrelic.js","statementMap":{"0":{"start":{"line":3,"column":0},"end":{"line":9,"column":null}}},"fnMap":{},"branchMap":{},"s":{"0":0},"f":{},"b":{}}
,"/Users/gersonfilho/Desktop/repository-used/gerson-aguiar/nodejs/server.js": {"path":"/Users/gersonfilho/Desktop/repository-used/gerson-aguiar/nodejs/server.js","statementMap":{"0":{"start":{"line":3,"column":0},"end":{"line":3,"column":null}},"1":{"start":{"line":4,"column":16},"end":{"line":4,"column":36}},"2":{"start":{"line":6,"column":0},"end":{"line":8,"column":null}},"3":{"start":{"line":7,"column":4},"end":{"line":7,"column":null}},"4":{"start":{"line":10,"column":0},"end":{"line":14,"column":null}},"5":{"start":{"line":11,"column":20},"end":{"line":11,"column":32}},"6":{"start":{"line":12,"column":4},"end":{"line":12,"column":null}},"7":{"start":{"line":13,"column":4},"end":{"line":13,"column":null}},"8":{"start":{"line":16,"column":0},"end":{"line":16,"column":null}}},"fnMap":{"0":{"name":"(anonymous_0)","decl":{"start":{"line":6,"column":17},"end":{"line":6,"column":22}},"loc":{"start":{"line":6,"column":43},"end":{"line":8,"column":1}}},"1":{"name":"(anonymous_1)","decl":{"start":{"line":10,"column":22},"end":{"line":10,"column":27}},"loc":{"start":{"line":10,"column":48},"end":{"line":14,"column":1}}}},"branchMap":{},"s":{"0":1,"1":1,"2":1,"3":1,"4":1,"5":1,"6":1,"7":1,"8":1},"f":{"0":1,"1":1},"b":{}}
}
